<?xml version="1.0" encoding="UTF-8"?>
<!-- Generated by org.testng.reporters.JUnitReportReporter -->
<testsuite hostname="N12886" failures="0" tests="1" name="sample.TestExample" time="3.054" errors="0" timestamp="2024-12-26T19:44:27 IST" skipped="0">
  <testcase classname="sample.TestExample" name="test_1" time="3.054"/>
</testsuite> <!-- sample.TestExample -->
